<?xml version="1.0" encoding="UTF-8"?>
<coverage generated="1644158337237" clover="3.2.0">
  <project timestamp="1644158337237" name="All files">
    <metrics statements="20" coveredstatements="20" conditionals="4" coveredconditionals="4" methods="7" coveredmethods="7" elements="31" coveredelements="31" complexity="0" loc="20" ncloc="20" packages="1" files="1" classes="1"/>
    <file name="romanNumeralsConverter.js" path="/Users/chrisclement/Desktop/Projects/Makers/kata/roman-numerals-js/src/romanNumeralsConverter.js">
      <metrics statements="20" coveredstatements="20" conditionals="4" coveredconditionals="4" methods="7" coveredmethods="7"/>
      <line num="3" count="23" type="stmt"/>
      <line num="4" count="23" type="stmt"/>
      <line num="19" count="23" type="stmt"/>
      <line num="29" count="12" type="stmt"/>
      <line num="30" count="12" type="stmt"/>
      <line num="31" count="156" type="stmt"/>
      <line num="32" count="26" type="stmt"/>
      <line num="33" count="26" type="stmt"/>
      <line num="36" count="12" type="stmt"/>
      <line num="40" count="11" type="stmt"/>
      <line num="41" count="11" type="stmt"/>
      <line num="42" count="47" type="cond" truecount="2" falsecount="0"/>
      <line num="43" count="9" type="stmt"/>
      <line num="44" count="9" type="stmt"/>
      <line num="47" count="38" type="stmt"/>
      <line num="48" count="494" type="cond" truecount="2" falsecount="0"/>
      <line num="49" count="38" type="stmt"/>
      <line num="54" count="11" type="stmt"/>
      <line num="58" count="294" type="stmt"/>
      <line num="64" count="1" type="stmt"/>
    </file>
  </project>
</coverage>
