{"/Users/chrisclement/Desktop/Projects/Makers/kata/roman-numerals-js/src/romanNumeralsConverter.js": {"path":"/Users/chrisclement/Desktop/Projects/Makers/kata/roman-numerals-js/src/romanNumeralsConverter.js","statementMap":{"0":{"start":{"line":3,"column":4},"end":{"line":3,"column":19}},"1":{"start":{"line":4,"column":4},"end":{"line":18,"column":6}},"2":{"start":{"line":19,"column":4},"end":{"line":26,"column":5}},"3":{"start":{"line":29,"column":17},"end":{"line":29,"column":19}},"4":{"start":{"line":30,"column":4},"end":{"line":35,"column":7}},"5":{"start":{"line":31,"column":6},"end":{"line":34,"column":7}},"6":{"start":{"line":32,"column":8},"end":{"line":32,"column":39}},"7":{"start":{"line":33,"column":8},"end":{"line":33,"column":41}},"8":{"start":{"line":36,"column":4},"end":{"line":36,"column":18}},"9":{"start":{"line":40,"column":17},"end":{"line":40,"column":18}},"10":{"start":{"line":41,"column":4},"end":{"line":53,"column":5}},"11":{"start":{"line":41,"column":16},"end":{"line":41,"column":17}},"12":{"start":{"line":42,"column":6},"end":{"line":52,"column":7}},"13":{"start":{"line":43,"column":8},"end":{"line":43,"column":61}},"14":{"start":{"line":44,"column":8},"end":{"line":44,"column":13}},"15":{"start":{"line":47,"column":8},"end":{"line":51,"column":11}},"16":{"start":{"line":48,"column":10},"end":{"line":50,"column":11}},"17":{"start":{"line":49,"column":12},"end":{"line":49,"column":43}},"18":{"start":{"line":54,"column":4},"end":{"line":54,"column":18}},"19":{"start":{"line":58,"column":4},"end":{"line":58,"column":119}},"20":{"start":{"line":58,"column":44},"end":{"line":58,"column":118}},"21":{"start":{"line":64,"column":0},"end":{"line":64,"column":40}}},"fnMap":{"0":{"name":"(anonymous_0)","decl":{"start":{"line":2,"column":2},"end":{"line":2,"column":3}},"loc":{"start":{"line":2,"column":16},"end":{"line":27,"column":3}},"line":2},"1":{"name":"(anonymous_1)","decl":{"start":{"line":28,"column":2},"end":{"line":28,"column":3}},"loc":{"start":{"line":28,"column":29},"end":{"line":37,"column":3}},"line":28},"2":{"name":"(anonymous_2)","decl":{"start":{"line":30,"column":26},"end":{"line":30,"column":27}},"loc":{"start":{"line":30,"column":43},"end":{"line":35,"column":5}},"line":30},"3":{"name":"(anonymous_3)","decl":{"start":{"line":39,"column":2},"end":{"line":39,"column":3}},"loc":{"start":{"line":39,"column":37},"end":{"line":55,"column":3}},"line":39},"4":{"name":"(anonymous_4)","decl":{"start":{"line":47,"column":30},"end":{"line":47,"column":31}},"loc":{"start":{"line":47,"column":47},"end":{"line":51,"column":9}},"line":47},"5":{"name":"(anonymous_5)","decl":{"start":{"line":57,"column":2},"end":{"line":57,"column":3}},"loc":{"start":{"line":57,"column":44},"end":{"line":59,"column":3}},"line":57},"6":{"name":"(anonymous_6)","decl":{"start":{"line":58,"column":33},"end":{"line":58,"column":34}},"loc":{"start":{"line":58,"column":44},"end":{"line":58,"column":118}},"line":58}},"branchMap":{"0":{"loc":{"start":{"line":42,"column":6},"end":{"line":52,"column":7}},"type":"if","locations":[{"start":{"line":42,"column":6},"end":{"line":52,"column":7}},{"start":{"line":46,"column":11},"end":{"line":52,"column":7}}],"line":42},"1":{"loc":{"start":{"line":48,"column":10},"end":{"line":50,"column":11}},"type":"if","locations":[{"start":{"line":48,"column":10},"end":{"line":50,"column":11}},{"start":{},"end":{}}],"line":48}},"s":{"0":23,"1":23,"2":23,"3":12,"4":12,"5":156,"6":26,"7":26,"8":12,"9":11,"10":11,"11":11,"12":47,"13":9,"14":9,"15":38,"16":494,"17":38,"18":11,"19":56,"20":294,"21":1},"f":{"0":23,"1":12,"2":156,"3":11,"4":494,"5":56,"6":294},"b":{"0":[9,38],"1":[38,456]},"_coverageSchema":"1a1c01bbd47fc00a2c39e90264f33305004495a9","hash":"aef05ee0e290a2713c011583520ab9b15d0ba633"}
}
