TN:
SF:src/romanNumeralsConverter.js
FN:2,(anonymous_0)
FN:28,(anonymous_1)
FN:30,(anonymous_2)
FN:39,(anonymous_3)
FN:47,(anonymous_4)
FN:57,(anonymous_5)
FN:58,(anonymous_6)
FNF:7
FNH:7
FNDA:23,(anonymous_0)
FNDA:12,(anonymous_1)
FNDA:156,(anonymous_2)
FNDA:11,(anonymous_3)
FNDA:494,(anonymous_4)
FNDA:56,(anonymous_5)
FNDA:294,(anonymous_6)
DA:3,23
DA:4,23
DA:19,23
DA:29,12
DA:30,12
DA:31,156
DA:32,26
DA:33,26
DA:36,12
DA:40,11
DA:41,11
DA:42,47
DA:43,9
DA:44,9
DA:47,38
DA:48,494
DA:49,38
DA:54,11
DA:58,294
DA:64,1
LF:20
LH:20
BRDA:42,0,0,9
BRDA:42,0,1,38
BRDA:48,1,0,38
BRDA:48,1,1,456
BRF:4
BRH:4
end_of_record
